[debug] [2025-09-28T16:54:05.996Z] ----------------------------------------------------------------------
[debug] [2025-09-28T16:54:06.001Z] Command:       /Users/dilanweerasinghe/.nvm/versions/node/v20.17.0/bin/node /Users/dilanweerasinghe/.nvm/versions/node/v20.17.0/bin/firebase init
[debug] [2025-09-28T16:54:06.001Z] CLI Version:   14.17.0
[debug] [2025-09-28T16:54:06.001Z] Platform:      darwin
[debug] [2025-09-28T16:54:06.001Z] Node Version:  v20.17.0
[debug] [2025-09-28T16:54:06.001Z] Time:          Sun Sep 28 2025 22:24:06 GMT+0530 (India Standard Time)
[debug] [2025-09-28T16:54:06.001Z] ----------------------------------------------------------------------
[debug] 
[debug] [2025-09-28T16:54:06.080Z] Object "/functions" in "firebase.json" has unknown property: {"additionalProperty":"region"}
[debug] [2025-09-28T16:54:06.080Z] Object "/functions" in "firebase.json" is missing required property: {"missingProperty":"remoteSource"}
[debug] [2025-09-28T16:54:06.080Z] Field "/functions" in "firebase.json" is possibly invalid: must be array
[debug] [2025-09-28T16:54:06.080Z] Field "/functions" in "firebase.json" is possibly invalid: must match a schema in anyOf
[debug] [2025-09-28T16:54:06.082Z] > command requires scopes: ["email","openid","https://www.googleapis.com/auth/cloudplatformprojects.readonly","https://www.googleapis.com/auth/firebase","https://www.googleapis.com/auth/cloud-platform"]
[debug] [2025-09-28T16:54:06.082Z] > authorizing via signed-in user (dilanwdds97@gmail.com)
[debug] [2025-09-28T16:54:06.083Z] Object "/functions" in "firebase.json" has unknown property: {"additionalProperty":"region"}
[debug] [2025-09-28T16:54:06.083Z] Object "/functions" in "firebase.json" is missing required property: {"missingProperty":"remoteSource"}
[debug] [2025-09-28T16:54:06.083Z] Field "/functions" in "firebase.json" is possibly invalid: must be array
[debug] [2025-09-28T16:54:06.083Z] Field "/functions" in "firebase.json" is possibly invalid: must match a schema in anyOf
[info] 
     ######## #### ########  ######## ########     ###     ######  ########
     ##        ##  ##     ## ##       ##     ##  ##   ##  ##       ##
     ######    ##  ########  ######   ########  #########  ######  ######
     ##        ##  ##    ##  ##       ##     ## ##     ##       ## ##
     ##       #### ##     ## ######## ########  ##     ##  ######  ########

You're about to initialize a Firebase project in this directory:

  /Users/dilanweerasinghe/Desktop/VPS repo/e18-4yp-Virtual-Patient-Simulator-for-Skill-Training-in-Dentistry

Before we get started, keep in mind:

  * You are initializing within an existing Firebase project directory

[info] 
=== Project Setup
[info] 
[info] First, let's associate this project directory with a Firebase project.
[info] You can create multiple project aliases by running firebase use --add, 
[info] but for now we'll just set up a default project.
[info] 
[debug] [2025-09-28T16:54:10.933Z] Using project from CLI flag: vps-2k25-app
[debug] [2025-09-28T16:54:10.934Z] Checked if tokens are valid: true, expires at: 1759081640504
[debug] [2025-09-28T16:54:10.934Z] Checked if tokens are valid: true, expires at: 1759081640504
[debug] [2025-09-28T16:54:10.936Z] >>> [apiv2][query] GET https://firebase.googleapis.com/v1beta1/projects/vps-2k25-app [none]
[debug] [2025-09-28T16:54:11.485Z] <<< [apiv2][status] GET https://firebase.googleapis.com/v1beta1/projects/vps-2k25-app 200
[debug] [2025-09-28T16:54:11.485Z] <<< [apiv2][body] GET https://firebase.googleapis.com/v1beta1/projects/vps-2k25-app {"projectId":"vps-2k25-app","projectNumber":"1092448104327","displayName":"vps-2k25-app","name":"projects/vps-2k25-app","resources":{"hostingSite":"vps-2k25-app"},"state":"ACTIVE","etag":"1_630d03c6-d25d-46bd-a10a-05fc8c1e5bbe"}
[info] i  Using project vps-2k25-app (vps-2k25-app) 
[info] 
=== Hosting Setup
[debug] [2025-09-28T16:54:11.834Z] Checked if tokens are valid: true, expires at: 1759081640504
[debug] [2025-09-28T16:54:11.834Z] Checked if tokens are valid: true, expires at: 1759081640504
[debug] [2025-09-28T16:54:11.834Z] >>> [apiv2][query] GET https://firebase.googleapis.com/v1beta1/projects/vps-2k25-app [none]
[debug] [2025-09-28T16:54:12.430Z] <<< [apiv2][status] GET https://firebase.googleapis.com/v1beta1/projects/vps-2k25-app 200
[debug] [2025-09-28T16:54:12.430Z] <<< [apiv2][body] GET https://firebase.googleapis.com/v1beta1/projects/vps-2k25-app {"projectId":"vps-2k25-app","projectNumber":"1092448104327","displayName":"vps-2k25-app","name":"projects/vps-2k25-app","resources":{"hostingSite":"vps-2k25-app"},"state":"ACTIVE","etag":"1_630d03c6-d25d-46bd-a10a-05fc8c1e5bbe"}
[info] 
[info] Your public directory is the folder (relative to your project directory) that
[info] will contain Hosting assets to be uploaded with firebase deploy. If you
[info] have a build process for your assets, use your build's output directory.
[info] 
[debug] [2025-09-28T16:54:36.163Z] ExitPromptError: User force closed the prompt with SIGINT
    at Interface.sigint (/Users/dilanweerasinghe/.nvm/versions/node/v20.17.0/lib/node_modules/firebase-tools/node_modules/@inquirer/core/dist/commonjs/lib/create-prompt.js:101:37)
    at Interface.emit (node:events:519:28)
    at Interface.emit (node:domain:488:12)
    at [_ttyWrite] [as _ttyWrite] (node:internal/readline/interface:1126:18)
    at ReadStream.onkeypress (node:internal/readline/interface:265:20)
    at ReadStream.emit (node:events:531:35)
    at ReadStream.emit (node:domain:488:12)
    at emitKeys (node:internal/readline/utils:371:14)
    at emitKeys.next (<anonymous>)
    at ReadStream.onData (node:internal/readline/emitKeypressEvents:64:36)
[error] 
[error] Error: An unexpected error has occurred.
